Started GET "/" for ::1 at 2021-07-08 16:35:57 +0900
  
ActiveRecord::NoDatabaseError (FATAL:  database "omailly_development" does not exist
):
  
activerecord (6.1.4) lib/active_record/connection_adapters/postgresql_adapter.rb:81:in `rescue in new_client'
activerecord (6.1.4) lib/active_record/connection_adapters/postgresql_adapter.rb:77:in `new_client'
activerecord (6.1.4) lib/active_record/connection_adapters/postgresql_adapter.rb:37:in `postgresql_connection'
activerecord (6.1.4) lib/active_record/connection_adapters/abstract/connection_pool.rb:882:in `public_send'
activerecord (6.1.4) lib/active_record/connection_adapters/abstract/connection_pool.rb:882:in `new_connection'
activerecord (6.1.4) lib/active_record/connection_adapters/abstract/connection_pool.rb:926:in `checkout_new_connection'
activerecord (6.1.4) lib/active_record/connection_adapters/abstract/connection_pool.rb:905:in `try_to_checkout_new_connection'
activerecord (6.1.4) lib/active_record/connection_adapters/abstract/connection_pool.rb:866:in `acquire_connection'
activerecord (6.1.4) lib/active_record/connection_adapters/abstract/connection_pool.rb:588:in `checkout'
activerecord (6.1.4) lib/active_record/connection_adapters/abstract/connection_pool.rb:428:in `connection'
activerecord (6.1.4) lib/active_record/connection_adapters/abstract/connection_pool.rb:1128:in `retrieve_connection'
activerecord (6.1.4) lib/active_record/connection_handling.rb:327:in `retrieve_connection'
activerecord (6.1.4) lib/active_record/connection_handling.rb:283:in `connection'
activerecord (6.1.4) lib/active_record/migration.rb:611:in `connection'
activerecord (6.1.4) lib/active_record/migration.rb:606:in `build_watcher'
activerecord (6.1.4) lib/active_record/migration.rb:588:in `block in call'
activerecord (6.1.4) lib/active_record/migration.rb:587:in `synchronize'
activerecord (6.1.4) lib/active_record/migration.rb:587:in `call'
actionpack (6.1.4) lib/action_dispatch/middleware/callbacks.rb:27:in `block in call'
activesupport (6.1.4) lib/active_support/callbacks.rb:98:in `run_callbacks'
actionpack (6.1.4) lib/action_dispatch/middleware/callbacks.rb:26:in `call'
actionpack (6.1.4) lib/action_dispatch/middleware/executor.rb:14:in `call'
actionpack (6.1.4) lib/action_dispatch/middleware/actionable_exceptions.rb:18:in `call'
actionpack (6.1.4) lib/action_dispatch/middleware/debug_exceptions.rb:29:in `call'
web-console (4.1.0) lib/web_console/middleware.rb:132:in `call_app'
web-console (4.1.0) lib/web_console/middleware.rb:28:in `block in call'
web-console (4.1.0) lib/web_console/middleware.rb:17:in `catch'
web-console (4.1.0) lib/web_console/middleware.rb:17:in `call'
actionpack (6.1.4) lib/action_dispatch/middleware/show_exceptions.rb:33:in `call'
railties (6.1.4) lib/rails/rack/logger.rb:37:in `call_app'
railties (6.1.4) lib/rails/rack/logger.rb:26:in `block in call'
activesupport (6.1.4) lib/active_support/tagged_logging.rb:99:in `block in tagged'
activesupport (6.1.4) lib/active_support/tagged_logging.rb:37:in `tagged'
activesupport (6.1.4) lib/active_support/tagged_logging.rb:99:in `tagged'
railties (6.1.4) lib/rails/rack/logger.rb:26:in `call'
sprockets-rails (3.2.2) lib/sprockets/rails/quiet_assets.rb:13:in `call'
actionpack (6.1.4) lib/action_dispatch/middleware/remote_ip.rb:81:in `call'
actionpack (6.1.4) lib/action_dispatch/middleware/request_id.rb:26:in `call'
rack (2.2.3) lib/rack/method_override.rb:24:in `call'
rack (2.2.3) lib/rack/runtime.rb:22:in `call'
activesupport (6.1.4) lib/active_support/cache/strategy/local_cache_middleware.rb:29:in `call'
actionpack (6.1.4) lib/action_dispatch/middleware/executor.rb:14:in `call'
actionpack (6.1.4) lib/action_dispatch/middleware/static.rb:24:in `call'
rack (2.2.3) lib/rack/sendfile.rb:110:in `call'
actionpack (6.1.4) lib/action_dispatch/middleware/host_authorization.rb:98:in `call'
rack-mini-profiler (2.3.2) lib/mini_profiler/profiler.rb:384:in `call'
webpacker (5.4.0) lib/webpacker/dev_server_proxy.rb:25:in `perform_request'
rack-proxy (0.7.0) lib/rack/proxy.rb:63:in `call'
railties (6.1.4) lib/rails/engine.rb:539:in `call'
puma (5.3.2) lib/puma/configuration.rb:249:in `call'
puma (5.3.2) lib/puma/request.rb:77:in `block in handle_request'
puma (5.3.2) lib/puma/thread_pool.rb:338:in `with_force_shutdown'
puma (5.3.2) lib/puma/request.rb:76:in `handle_request'
puma (5.3.2) lib/puma/server.rb:438:in `process_client'
puma (5.3.2) lib/puma/thread_pool.rb:145:in `block in spawn_thread'
  [1m[35m (172.3ms)[0m  [1m[35mCREATE DATABASE "omailly_development" ENCODING = 'unicode'[0m
  [1m[35m (56.5ms)[0m  [1m[35mCREATE DATABASE "omailly_test" ENCODING = 'unicode'[0m
Started GET "/" for ::1 at 2021-07-08 16:38:32 +0900
Processing by Rails::WelcomeController#index as HTML
  Rendering vendor/bundle/ruby/2.7.0/gems/railties-6.1.4/lib/rails/templates/rails/welcome/index.html.erb
  Rendered vendor/bundle/ruby/2.7.0/gems/railties-6.1.4/lib/rails/templates/rails/welcome/index.html.erb (Duration: 5.6ms | Allocations: 336)
Completed 200 OK in 14ms (Views: 7.0ms | ActiveRecord: 0.0ms | Allocations: 2762)


Started GET "/" for ::1 at 2021-07-08 18:05:15 +0900
Processing by Rails::WelcomeController#index as HTML
  Rendering vendor/bundle/ruby/2.7.0/gems/railties-6.1.4/lib/rails/templates/rails/welcome/index.html.erb
  Rendered vendor/bundle/ruby/2.7.0/gems/railties-6.1.4/lib/rails/templates/rails/welcome/index.html.erb (Duration: 6.5ms | Allocations: 218)
Completed 200 OK in 9ms (Views: 7.7ms | Allocations: 768)


Started GET "/search" for ::1 at 2021-07-08 18:05:22 +0900
Processing by SearchController#search as HTML
  Rendering layout layouts/application.html.erb
  Rendering search/search.html.slim within layouts/application
  Rendered search/search.html.slim within layouts/application (Duration: 25.1ms | Allocations: 9225)
  Rendered layout layouts/application.html.erb (Duration: 65.9ms | Allocations: 25150)
Completed 200 OK in 68ms (Views: 67.4ms | Allocations: 26153)


Started GET "/search" for ::1 at 2021-07-08 18:16:16 +0900
  
SyntaxError (/Users/mochio/portfolio/omailly/app/controllers/search_controller.rb:15: syntax error, unexpected end-of-input, expecting `end'):
  
app/controllers/search_controller.rb:15: syntax error, unexpected end-of-input, expecting `end'
app/controllers/search_controller.rb:15: syntax error, unexpected end-of-input, expecting `end'
app/controllers/search_controller.rb:15: syntax error, unexpected end-of-input, expecting `end'
Started GET "/search" for ::1 at 2021-07-08 18:16:35 +0900
Processing by SearchController#search as HTML
  Rendering layout layouts/application.html.erb
  Rendering search/search.html.slim within layouts/application
  Rendered search/search.html.slim within layouts/application (Duration: 1.9ms | Allocations: 1790)
  Rendered layout layouts/application.html.erb (Duration: 6.7ms | Allocations: 4982)
Completed 200 OK in 10ms (Views: 9.0ms | Allocations: 5968)


Started GET "/search?postal_code=9920076" for ::1 at 2021-07-08 18:16:51 +0900
Processing by SearchController#search as HTML
  Parameters: {"postal_code"=>"9920076"}
Completed 500 Internal Server Error in 2ms (Allocations: 2284)


  
NameError (uninitialized constant SearchController::NET
Did you mean?  Net
               Set):
  
app/controllers/search_controller.rb:6:in `search'
Started GET "/search" for ::1 at 2021-07-08 18:17:06 +0900
Processing by SearchController#search as HTML
  Rendering layout layouts/application.html.erb
  Rendering search/search.html.slim within layouts/application
  Rendered search/search.html.slim within layouts/application (Duration: 0.1ms | Allocations: 36)
  Rendered layout layouts/application.html.erb (Duration: 3.8ms | Allocations: 2997)
Completed 200 OK in 5ms (Views: 4.3ms | Allocations: 3266)


Started GET "/search" for ::1 at 2021-07-08 18:20:56 +0900
Processing by SearchController#search as HTML
  Rendering layout layouts/application.html.erb
  Rendering search/search.html.slim within layouts/application
  Rendered search/search.html.slim within layouts/application (Duration: 2.7ms | Allocations: 3209)
  Rendered layout layouts/application.html.erb (Duration: 9.8ms | Allocations: 6399)
Completed 200 OK in 13ms (Views: 12.1ms | Allocations: 7378)


Started GET "/search?postal_code=9920076" for ::1 at 2021-07-08 18:21:01 +0900
Processing by SearchController#search as HTML
  Parameters: {"postal_code"=>"9920076"}
Completed 500 Internal Server Error in 2ms (Allocations: 2274)


  
NameError (uninitialized constant SearchController::NET
Did you mean?  Net
               Set):
  
app/controllers/search_controller.rb:6:in `search'
Started GET "/search?postal_code=9920076" for ::1 at 2021-07-08 18:23:32 +0900
Processing by SearchController#search as HTML
  Parameters: {"postal_code"=>"9920076"}
Completed 500 Internal Server Error in 2ms (Allocations: 1413)


  
NoMethodError (undefined method `get_responce' for Net::HTTP:Class
Did you mean?  get_response):
  
app/controllers/search_controller.rb:6:in `search'
Started GET "/search" for ::1 at 2021-07-08 18:23:47 +0900
Processing by SearchController#search as HTML
  Rendering layout layouts/application.html.erb
  Rendering search/search.html.slim within layouts/application
  Rendered search/search.html.slim within layouts/application (Duration: 0.1ms | Allocations: 36)
  Rendered layout layouts/application.html.erb (Duration: 4.5ms | Allocations: 3008)
Completed 200 OK in 5ms (Views: 5.2ms | Allocations: 3394)


Started GET "/search" for ::1 at 2021-07-08 18:23:50 +0900
Processing by SearchController#search as HTML
  Rendering layout layouts/application.html.erb
  Rendering search/search.html.slim within layouts/application
  Rendered search/search.html.slim within layouts/application (Duration: 0.1ms | Allocations: 36)
  Rendered layout layouts/application.html.erb (Duration: 3.0ms | Allocations: 2985)
Completed 200 OK in 4ms (Views: 3.4ms | Allocations: 3252)


Started GET "/search" for ::1 at 2021-07-08 18:23:51 +0900
Processing by SearchController#search as HTML
  Rendering layout layouts/application.html.erb
  Rendering search/search.html.slim within layouts/application
  Rendered search/search.html.slim within layouts/application (Duration: 0.2ms | Allocations: 36)
  Rendered layout layouts/application.html.erb (Duration: 4.5ms | Allocations: 2985)
Completed 200 OK in 5ms (Views: 4.8ms | Allocations: 3252)


Started GET "/search" for ::1 at 2021-07-08 18:23:52 +0900
Processing by SearchController#search as HTML
  Rendering layout layouts/application.html.erb
  Rendering search/search.html.slim within layouts/application
  Rendered search/search.html.slim within layouts/application (Duration: 0.1ms | Allocations: 36)
  Rendered layout layouts/application.html.erb (Duration: 3.2ms | Allocations: 2986)
Completed 200 OK in 4ms (Views: 3.5ms | Allocations: 3253)


Started GET "/search?postal_code=9920076" for ::1 at 2021-07-08 18:23:56 +0900
Processing by SearchController#search as HTML
  Parameters: {"postal_code"=>"9920076"}
Completed 500 Internal Server Error in 3ms (Allocations: 1425)


  
NoMethodError (undefined method `get_responce' for Net::HTTP:Class
Did you mean?  get_response):
  
app/controllers/search_controller.rb:6:in `search'
Started GET "/search?postal_code=9920076" for ::1 at 2021-07-08 18:25:18 +0900
Processing by SearchController#search as HTML
  Parameters: {"postal_code"=>"9920076"}
Completed 500 Internal Server Error in 2ms (Allocations: 1411)


  
NoMethodError (undefined method `get_responce' for Net::HTTP:Class
Did you mean?  get_response):
  
app/controllers/search_controller.rb:6:in `search'
Started GET "/search" for ::1 at 2021-07-08 18:31:01 +0900
Processing by SearchController#search as HTML
  Rendering layout layouts/application.html.erb
  Rendering search/search.html.slim within layouts/application
  Rendered search/search.html.slim within layouts/application (Duration: 0.1ms | Allocations: 36)
  Rendered layout layouts/application.html.erb (Duration: 6.1ms | Allocations: 2985)
Completed 200 OK in 7ms (Views: 6.7ms | Allocations: 3372)


Started GET "/search" for ::1 at 2021-07-08 18:31:03 +0900
Processing by SearchController#search as HTML
  Rendering layout layouts/application.html.erb
  Rendering search/search.html.slim within layouts/application
  Rendered search/search.html.slim within layouts/application (Duration: 0.1ms | Allocations: 36)
  Rendered layout layouts/application.html.erb (Duration: 3.7ms | Allocations: 2986)
Completed 200 OK in 4ms (Views: 4.2ms | Allocations: 3253)


Started GET "/search?postal_code=9920076" for ::1 at 2021-07-08 18:31:23 +0900
Processing by SearchController#search as HTML
  Parameters: {"postal_code"=>"9920076"}
  Rendering layout layouts/application.html.erb
  Rendering search/search.html.slim within layouts/application
  Rendered search/search.html.slim within layouts/application (Duration: 0.1ms | Allocations: 42)
  Rendered layout layouts/application.html.erb (Duration: 5.8ms | Allocations: 2991)
Completed 200 OK in 302ms (Views: 6.3ms | Allocations: 3696)


Started GET "/search?postal_code=1350001" for ::1 at 2021-07-08 18:32:08 +0900
Processing by SearchController#search as HTML
  Parameters: {"postal_code"=>"1350001"}
  Rendering layout layouts/application.html.erb
  Rendering search/search.html.slim within layouts/application
  Rendered search/search.html.slim within layouts/application (Duration: 0.1ms | Allocations: 40)
  Rendered layout layouts/application.html.erb (Duration: 4.6ms | Allocations: 3001)
Completed 200 OK in 251ms (Views: 5.0ms | Allocations: 3707)


Started GET "/search?postal_code=1350001" for ::1 at 2021-07-08 18:32:41 +0900
Processing by SearchController#search as HTML
  Parameters: {"postal_code"=>"1350001"}
  Rendering layout layouts/application.html.erb
  Rendering search/search.html.slim within layouts/application
  Rendered search/search.html.slim within layouts/application (Duration: 2.6ms | Allocations: 2631)
  Rendered layout layouts/application.html.erb (Duration: 7.1ms | Allocations: 5811)
Completed 200 OK in 247ms (Views: 10.1ms | Allocations: 7219)


Started GET "/search?postal_code=1350001" for ::1 at 2021-07-08 18:36:56 +0900
Processing by SearchController#search as HTML
  Parameters: {"postal_code"=>"1350001"}
  Rendering layout layouts/application.html.erb
  Rendering search/search.html.slim within layouts/application
  Rendered search/search.html.slim within layouts/application (Duration: 2.6ms | Allocations: 2996)
  Rendered layout layouts/application.html.erb (Duration: 8.4ms | Allocations: 6174)
Completed 200 OK in 247ms (Views: 9.9ms | Allocations: 7575)


Started GET "/search?postal_code=9920076" for ::1 at 2021-07-08 18:37:01 +0900
Processing by SearchController#search as HTML
  Parameters: {"postal_code"=>"9920076"}
  Rendering layout layouts/application.html.erb
  Rendering search/search.html.slim within layouts/application
  Rendered search/search.html.slim within layouts/application (Duration: 0.1ms | Allocations: 40)
  Rendered layout layouts/application.html.erb (Duration: 3.9ms | Allocations: 2989)
Completed 200 OK in 2626ms (Views: 4.3ms | Allocations: 3691)


Started GET "/search?postal_code=1350001" for ::1 at 2021-07-08 18:37:23 +0900
Processing by SearchController#search as HTML
  Parameters: {"postal_code"=>"1350001"}
  Rendering layout layouts/application.html.erb
  Rendering search/search.html.slim within layouts/application
  Rendered search/search.html.slim within layouts/application (Duration: 2.2ms | Allocations: 2395)
  Rendered layout layouts/application.html.erb (Duration: 7.1ms | Allocations: 5573)
Completed 200 OK in 2121ms (Views: 8.6ms | Allocations: 6978)


Started GET "/search?postal_code=1350001" for ::1 at 2021-07-08 19:28:07 +0900
Processing by SearchController#search as HTML
  Parameters: {"postal_code"=>"1350001"}
  Rendering layout layouts/application.html.erb
  Rendering search/search.html.slim within layouts/application
  Rendered search/search.html.slim within layouts/application (Duration: 2.4ms | Allocations: 2342)
  Rendered layout layouts/application.html.erb (Duration: 8.6ms | Allocations: 5532)
Completed 200 OK in 360ms (Views: 13.6ms | Allocations: 6937)


Started GET "/search?postal_code=1350001" for ::1 at 2021-07-08 19:28:37 +0900
Processing by SearchController#search as HTML
  Parameters: {"postal_code"=>"1350001"}
  Rendering layout layouts/application.html.erb
  Rendering search/search.html.slim within layouts/application
  Rendered search/search.html.slim within layouts/application (Duration: 2.5ms | Allocations: 2342)
  Rendered layout layouts/application.html.erb (Duration: 6.6ms | Allocations: 5520)
Completed 200 OK in 477ms (Views: 9.2ms | Allocations: 6920)


Started GET "/search?postal_code=1350001" for ::1 at 2021-07-08 19:28:41 +0900
Processing by SearchController#search as HTML
  Parameters: {"postal_code"=>"1350001"}
  Rendering layout layouts/application.html.erb
  Rendering search/search.html.slim within layouts/application
  Rendered search/search.html.slim within layouts/application (Duration: 0.1ms | Allocations: 36)
  Rendered layout layouts/application.html.erb (Duration: 4.0ms | Allocations: 2997)
Completed 200 OK in 340ms (Views: 4.7ms | Allocations: 3704)


Started GET "/search?postal_code=1350001" for ::1 at 2021-07-08 19:31:17 +0900
Processing by SearchController#search as HTML
  Parameters: {"postal_code"=>"1350001"}
  Rendering layout layouts/application.html.erb
  Rendering search/search.html.slim within layouts/application
  Rendered search/search.html.slim within layouts/application (Duration: 1.9ms | Allocations: 2356)
  Rendered layout layouts/application.html.erb (Duration: 5.4ms | Allocations: 5549)
Completed 200 OK in 289ms (Views: 6.7ms | Allocations: 6963)


Started GET "/search?postal_code=9920076" for ::1 at 2021-07-08 19:31:20 +0900
Processing by SearchController#search as HTML
  Parameters: {"postal_code"=>"9920076"}
  Rendering layout layouts/application.html.erb
  Rendering search/search.html.slim within layouts/application
  Rendered search/search.html.slim within layouts/application (Duration: 0.1ms | Allocations: 36)
  Rendered layout layouts/application.html.erb (Duration: 3.9ms | Allocations: 2985)
Completed 200 OK in 241ms (Views: 4.4ms | Allocations: 3679)


Started GET "/search?postal_code=1350001" for ::1 at 2021-07-08 19:31:23 +0900
Processing by SearchController#search as HTML
  Parameters: {"postal_code"=>"1350001"}
  Rendering layout layouts/application.html.erb
  Rendering search/search.html.slim within layouts/application
  Rendered search/search.html.slim within layouts/application (Duration: 0.1ms | Allocations: 36)
  Rendered layout layouts/application.html.erb (Duration: 3.9ms | Allocations: 2985)
Completed 200 OK in 242ms (Views: 4.3ms | Allocations: 3678)


Started GET "/search?postal_code=1350001" for ::1 at 2021-07-08 19:34:25 +0900
Processing by SearchController#search as HTML
  Parameters: {"postal_code"=>"1350001"}
  Rendering layout layouts/application.html.erb
  Rendering search/search.html.slim within layouts/application
  Rendered search/search.html.slim within layouts/application (Duration: 2.2ms | Allocations: 2478)
  Rendered layout layouts/application.html.erb (Duration: 6.4ms | Allocations: 5656)
Completed 200 OK in 4581ms (Views: 8.1ms | Allocations: 7072)


Started GET "/search?postal_code=1350001" for ::1 at 2021-07-08 19:34:56 +0900
Processing by SearchController#search as HTML
  Parameters: {"postal_code"=>"1350001"}
  Rendering layout layouts/application.html.erb
  Rendering search/search.html.slim within layouts/application
  Rendered search/search.html.slim within layouts/application (Duration: 2.3ms | Allocations: 3182)
  Rendered layout layouts/application.html.erb (Duration: 5.9ms | Allocations: 6360)
Completed 200 OK in 992ms (Views: 7.7ms | Allocations: 7764)


Started GET "/search?postal_code=1350001" for ::1 at 2021-07-08 19:35:01 +0900
Processing by SearchController#search as HTML
  Parameters: {"postal_code"=>"1350001"}
Started GET "/search?postal_code=1350001" for ::1 at 2021-07-08 19:35:04 +0900
Processing by SearchController#search as HTML
  Parameters: {"postal_code"=>"1350001"}
  Rendering layout layouts/application.html.erb
  Rendering search/search.html.slim within layouts/application
  Rendered search/search.html.slim within layouts/application (Duration: 0.2ms | Allocations: 40)
  Rendered layout layouts/application.html.erb (Duration: 5.1ms | Allocations: 2989)
Completed 200 OK in 616ms (Views: 5.7ms | Allocations: 3686)


  Rendering layout layouts/application.html.erb
  Rendering search/search.html.slim within layouts/application
  Rendered search/search.html.slim within layouts/application (Duration: 0.1ms | Allocations: 40)
  Rendered layout layouts/application.html.erb (Duration: 5.6ms | Allocations: 3001)
Completed 200 OK in 4630ms (Views: 6.2ms | Allocations: 13996)


Started GET "/search?postal_code=1350001" for ::1 at 2021-07-08 19:35:17 +0900
Processing by SearchController#search as HTML
  Parameters: {"postal_code"=>"1350001"}
  Rendering layout layouts/application.html.erb
  Rendering search/search.html.slim within layouts/application
  Rendered search/search.html.slim within layouts/application (Duration: 2.3ms | Allocations: 2463)
  Rendered layout layouts/application.html.erb (Duration: 6.3ms | Allocations: 5641)
Completed 200 OK in 251ms (Views: 7.8ms | Allocations: 7043)


Started GET "/search?postal_code=1350001" for ::1 at 2021-07-08 19:35:33 +0900
Processing by SearchController#search as HTML
  Parameters: {"postal_code"=>"1350001"}
  Rendering layout layouts/application.html.erb
  Rendering search/search.html.slim within layouts/application
  Rendered search/search.html.slim within layouts/application (Duration: 2.1ms | Allocations: 2478)
  Rendered layout layouts/application.html.erb (Duration: 6.0ms | Allocations: 5670)
Completed 200 OK in 264ms (Views: 7.7ms | Allocations: 7087)


Started GET "/search?postal_code=1350001" for ::1 at 2021-07-08 19:35:50 +0900
Processing by SearchController#search as HTML
  Parameters: {"postal_code"=>"1350001"}
  Rendering layout layouts/application.html.erb
  Rendering search/search.html.slim within layouts/application
  Rendered search/search.html.slim within layouts/application (Duration: 2.2ms | Allocations: 2470)
  Rendered layout layouts/application.html.erb (Duration: 6.6ms | Allocations: 5660)
Completed 200 OK in 663ms (Views: 10.2ms | Allocations: 7078)


Started GET "/search?postal_code=1350001" for ::1 at 2021-07-08 19:35:59 +0900
Processing by SearchController#search as HTML
  Parameters: {"postal_code"=>"1350001"}
  Rendering layout layouts/application.html.erb
  Rendering search/search.html.slim within layouts/application
  Rendered search/search.html.slim within layouts/application (Duration: 2.2ms | Allocations: 2455)
  Rendered layout layouts/application.html.erb (Duration: 6.1ms | Allocations: 5633)
Completed 200 OK in 833ms (Views: 8.0ms | Allocations: 7034)


Started GET "/search?postal_code=1350001" for ::1 at 2021-07-08 19:36:06 +0900
Processing by SearchController#search as HTML
  Parameters: {"postal_code"=>"1350001"}
  Rendering layout layouts/application.html.erb
  Rendering search/search.html.slim within layouts/application
  Rendered search/search.html.slim within layouts/application (Duration: 2.1ms | Allocations: 2468)
  Rendered layout layouts/application.html.erb (Duration: 6.2ms | Allocations: 5646)
Completed 200 OK in 253ms (Views: 8.0ms | Allocations: 7054)


Started GET "/search?postal_code=1350001" for ::1 at 2021-07-08 19:37:01 +0900
Processing by SearchController#search as HTML
  Parameters: {"postal_code"=>"1350001"}
  Rendering layout layouts/application.html.erb
  Rendering search/search.html.slim within layouts/application
  Rendered search/search.html.slim within layouts/application (Duration: 2.4ms | Allocations: 2799)
  Rendered layout layouts/application.html.erb (Duration: 6.6ms | Allocations: 5977)
Completed 200 OK in 251ms (Views: 8.4ms | Allocations: 7377)


Started GET "/" for ::1 at 2021-07-09 18:08:36 +0900
Processing by Rails::WelcomeController#index as HTML
  Rendering vendor/bundle/ruby/2.7.0/gems/railties-6.1.4/lib/rails/templates/rails/welcome/index.html.erb
  Rendered vendor/bundle/ruby/2.7.0/gems/railties-6.1.4/lib/rails/templates/rails/welcome/index.html.erb (Duration: 6.3ms | Allocations: 444)
Completed 200 OK in 24ms (Views: 12.6ms | ActiveRecord: 0.0ms | Allocations: 3519)


Started GET "/search" for ::1 at 2021-07-09 18:08:42 +0900
Processing by SearchController#search as HTML
  Rendering layout layouts/application.html.erb
  Rendering search/search.html.slim within layouts/application
  Rendered search/search.html.slim within layouts/application (Duration: 11.5ms | Allocations: 10231)
  Rendered layout layouts/application.html.erb (Duration: 35.0ms | Allocations: 15824)
Completed 200 OK in 38ms (Views: 37.5ms | ActiveRecord: 0.0ms | Allocations: 16852)


Started GET "/search?wiki_name=%E3%82%A8%E3%83%9E%E3%83%BB%E3%83%AF%E3%83%88%E3%82%BD%E3%83%B3" for ::1 at 2021-07-09 18:08:57 +0900
Processing by SearchController#search as HTML
  Parameters: {"wiki_name"=>"ã‚¨ãƒžãƒ»ãƒ¯ãƒˆã‚½ãƒ³"}
Completed 500 Internal Server Error in 504ms (ActiveRecord: 0.0ms | Allocations: 3500)


  
NameError (uninitialized constant SearchController::XML):
  
app/controllers/search_controller.rb:24:in `search'
Started GET "/search?wiki_name=%E3%82%A8%E3%83%9E%E3%83%BB%E3%83%AF%E3%83%88%E3%82%BD%E3%83%B3" for ::1 at 2021-07-09 18:11:33 +0900
Processing by SearchController#search as HTML
  Parameters: {"wiki_name"=>"ã‚¨ãƒžãƒ»ãƒ¯ãƒˆã‚½ãƒ³"}
Completed 500 Internal Server Error in 751ms (ActiveRecord: 0.0ms | Allocations: 3454)


  
NameError (uninitialized constant SearchController::XML):
  
app/controllers/search_controller.rb:24:in `search'
Started GET "/search" for ::1 at 2021-07-09 19:28:34 +0900
Processing by SearchController#search as HTML
  Rendering layout layouts/application.html.erb
  Rendering search/search.html.slim within layouts/application
  Rendered search/search.html.slim within layouts/application (Duration: 798.0ms | Allocations: 7746)
  Rendered layout layouts/application.html.erb (Duration: 805.8ms | Allocations: 10843)
Completed 200 OK in 816ms (Views: 814.7ms | Allocations: 11829)


Started GET "/search" for ::1 at 2021-07-09 19:33:45 +0900
Processing by SearchController#search as HTML
  Rendering layout layouts/application.html.erb
  Rendering search/search.html.slim within layouts/application
  Rendered search/search.html.slim within layouts/application (Duration: 3.3ms | Allocations: 1927)
  Rendered layout layouts/application.html.erb (Duration: 11.2ms | Allocations: 5105)
Completed 200 OK in 14ms (Views: 13.4ms | Allocations: 6079)


Started GET "/search" for ::1 at 2021-07-09 19:35:15 +0900
Processing by SearchController#search as HTML
  Rendering layout layouts/application.html.erb
  Rendering search/search.html.slim within layouts/application
  Rendered search/search.html.slim within layouts/application (Duration: 5.3ms | Allocations: 3602)
  Rendered layout layouts/application.html.erb (Duration: 5.7ms | Allocations: 3666)
Completed 500 Internal Server Error in 9ms (Allocations: 4611)


  
ActionView::Template::Error (No route matches {:action=>"search", :controller=>"posts"}):
    4: / p ç”ºåŸŸ: #{@address3}
    5: 
    6: p æ¤œç´¢
    7: = form_tag({ :controller => 'posts', :action => 'search' },{ :method => :get}) do
    8:   = text_field_tag :keyword
    9:   = submit_tag 'Search', :name => nil
   10: = @results.text
  
app/views/search/search.html.slim:7
Started GET "/search" for ::1 at 2021-07-09 19:36:31 +0900
  
SyntaxError (/Users/mochio/portfolio/omailly/app/controllers/search_controller.rb:51: syntax error, unexpected `end', expecting end-of-input):
  
app/controllers/search_controller.rb:51: syntax error, unexpected `end', expecting end-of-input
app/controllers/search_controller.rb:51: syntax error, unexpected `end', expecting end-of-input
app/controllers/search_controller.rb:51: syntax error, unexpected `end', expecting end-of-input
Started GET "/search" for ::1 at 2021-07-09 19:39:25 +0900
Processing by SearchController#search as HTML
  Rendering layout layouts/application.html.erb
  Rendering search/search.html.slim within layouts/application
  Rendered search/search.html.slim within layouts/application (Duration: 1.0ms | Allocations: 1383)
  Rendered layout layouts/application.html.erb (Duration: 1.1ms | Allocations: 1447)
Completed 500 Internal Server Error in 554ms (Allocations: 3546)


  
ActionView::Template::Error (No route matches {:action=>"search", :controller=>"posts"}):
    4: / p ç”ºåŸŸ: #{@address3}
    5: 
    6: p æ¤œç´¢
    7: = form_tag({ :controller => 'posts', :action => 'search' },{ :method => :get}) do
    8:   = text_field_tag :keyword
    9:   = submit_tag 'Search', :name => nil
   10: = @results.text
  
app/views/search/search.html.slim:7
Started GET "/search" for ::1 at 2021-07-09 19:39:46 +0900
Processing by SearchController#search as HTML
  Rendering layout layouts/application.html.erb
  Rendering search/search.html.slim within layouts/application
  Rendered search/search.html.slim within layouts/application (Duration: 3.3ms | Allocations: 2375)
  Rendered layout layouts/application.html.erb (Duration: 9.4ms | Allocations: 5555)
Completed 200 OK in 529ms (Views: 12.4ms | Allocations: 8226)


Started GET "/search?keyword=%E3%83%89%E3%83%A9%E3%81%88%E3%82%82%E3%82%93" for ::1 at 2021-07-09 19:39:53 +0900
Processing by SearchController#search as HTML
  Parameters: {"keyword"=>"ãƒ‰ãƒ©ãˆã‚‚ã‚“"}
  Rendering layout layouts/application.html.erb
  Rendering search/search.html.slim within layouts/application
  Rendered search/search.html.slim within layouts/application (Duration: 0.7ms | Allocations: 171)
  Rendered layout layouts/application.html.erb (Duration: 6.6ms | Allocations: 3060)
Completed 200 OK in 5313ms (Views: 7.4ms | Allocations: 8110)


Started GET "/search?keyword=%E7%B9%94%E7%94%B0%E4%BF%A1%E9%95%B7" for ::1 at 2021-07-09 19:40:13 +0900
Processing by SearchController#search as HTML
  Parameters: {"keyword"=>"ç¹”ç”°ä¿¡é•·"}
  Rendering layout layouts/application.html.erb
  Rendering search/search.html.slim within layouts/application
  Rendered search/search.html.slim within layouts/application (Duration: 0.8ms | Allocations: 167)
  Rendered layout layouts/application.html.erb (Duration: 5.5ms | Allocations: 3046)
Completed 200 OK in 4578ms (Views: 6.1ms | Allocations: 7994)


Started GET "/search?keyword=%E7%B9%94%E7%94%B0%E4%BF%A1%E9%95%B7" for ::1 at 2021-07-09 19:47:59 +0900
Processing by SearchController#search as HTML
  Parameters: {"keyword"=>"ç¹”ç”°ä¿¡é•·"}
  Rendering layout layouts/application.html.erb
  Rendering search/search.html.slim within layouts/application
  Rendered search/search.html.slim within layouts/application (Duration: 1.0ms | Allocations: 481)
  Rendered layout layouts/application.html.erb (Duration: 7.3ms | Allocations: 3364)
Completed 200 OK in 1921ms (Views: 8.5ms | Allocations: 8414)


Started GET "/search?keyword=%E7%B9%94%E7%94%B0%E4%BF%A1%E9%95%B7" for ::1 at 2021-07-09 19:48:07 +0900
Processing by SearchController#search as HTML
  Parameters: {"keyword"=>"ç¹”ç”°ä¿¡é•·"}
  Rendering layout layouts/application.html.erb
  Rendering search/search.html.slim within layouts/application
  Rendered search/search.html.slim within layouts/application (Duration: 3.4ms | Allocations: 166)
  Rendered layout layouts/application.html.erb (Duration: 7.7ms | Allocations: 3044)
Completed 200 OK in 1793ms (Views: 8.4ms | Allocations: 8000)


Started GET "/search?keyword=%E3%82%A8%E3%83%9E%E3%83%BB%E3%83%AF%E3%83%88%E3%82%BD%E3%83%B3" for ::1 at 2021-07-09 19:48:30 +0900
Processing by SearchController#search as HTML
  Parameters: {"keyword"=>"ã‚¨ãƒžãƒ»ãƒ¯ãƒˆã‚½ãƒ³"}
  Rendering layout layouts/application.html.erb
  Rendering search/search.html.slim within layouts/application
  Rendered search/search.html.slim within layouts/application (Duration: 0.6ms | Allocations: 165)
  Rendered layout layouts/application.html.erb (Duration: 6.8ms | Allocations: 3054)
Completed 200 OK in 551ms (Views: 7.4ms | Allocations: 5425)


Started GET "/search?keyword=%E3%83%9E%E3%82%A4%E3%82%B1%E3%83%AB%E3%82%B8%E3%83%A3%E3%82%AF%E3%82%BD%E3%83%B3" for ::1 at 2021-07-09 19:48:45 +0900
Processing by SearchController#search as HTML
  Parameters: {"keyword"=>"ãƒžã‚¤ã‚±ãƒ«ã‚¸ãƒ£ã‚¯ã‚½ãƒ³"}
  Rendering layout layouts/application.html.erb
  Rendering search/search.html.slim within layouts/application
  Rendered search/search.html.slim within layouts/application (Duration: 0.7ms | Allocations: 165)
  Rendered layout layouts/application.html.erb (Duration: 7.3ms | Allocations: 3054)
Completed 200 OK in 517ms (Views: 8.3ms | Allocations: 5427)


Started GET "/search?keyword=%E6%9C%A8%E6%9D%91%E6%8B%93%E5%93%89" for ::1 at 2021-07-09 19:48:57 +0900
Processing by SearchController#search as HTML
  Parameters: {"keyword"=>"æœ¨æ‘æ‹“å“‰"}
  Rendering layout layouts/application.html.erb
  Rendering search/search.html.slim within layouts/application
  Rendered search/search.html.slim within layouts/application (Duration: 0.6ms | Allocations: 167)
  Rendered layout layouts/application.html.erb (Duration: 5.2ms | Allocations: 3045)
Completed 200 OK in 1823ms (Views: 5.9ms | Allocations: 7721)


Started GET "/search?keyword=%E6%9C%A8%E6%9D%91%E6%8B%93%E5%93%89" for ::1 at 2021-07-09 21:51:53 +0900
Processing by SearchController#search as */*
  Parameters: {"keyword"=>"æœ¨æ‘æ‹“å“‰"}
  Rendering layout layouts/application.html.erb
  Rendering search/search.html.slim within layouts/application
  Rendered search/search.html.slim within layouts/application (Duration: 0.4ms | Allocations: 166)
  Rendered layout layouts/application.html.erb (Duration: 5.0ms | Allocations: 3004)
Completed 200 OK in 1487ms (Views: 5.5ms | Allocations: 7747)


Started GET "/search?keyword=%E7%B9%94%E7%94%B0%E4%BF%A1%E9%95%B7" for ::1 at 2021-07-09 22:30:26 +0900
Processing by SearchController#search as HTML
  Parameters: {"keyword"=>"ç¹”ç”°ä¿¡é•·"}
  Rendering layout layouts/application.html.erb
  Rendering search/search.html.slim within layouts/application
  Rendered search/search.html.slim within layouts/application (Duration: 6.7ms | Allocations: 2806)
  Rendered layout layouts/application.html.erb (Duration: 14.2ms | Allocations: 5927)
Completed 200 OK in 3729ms (Views: 17.2ms | Allocations: 11604)


Started GET "/search?keyword=%E3%83%9E%E3%82%A4%E3%82%B1%E3%83%AB%E3%82%B8%E3%83%A3%E3%82%AF%E3%82%BD%E3%83%B3" for ::1 at 2021-07-09 22:31:17 +0900
Processing by SearchController#search as HTML
  Parameters: {"keyword"=>"ãƒžã‚¤ã‚±ãƒ«ã‚¸ãƒ£ã‚¯ã‚½ãƒ³"}
  Rendering layout layouts/application.html.erb
  Rendering search/search.html.slim within layouts/application
  Rendered search/search.html.slim within layouts/application (Duration: 3.6ms | Allocations: 2355)
  Rendered layout layouts/application.html.erb (Duration: 9.8ms | Allocations: 5462)
Completed 200 OK in 526ms (Views: 12.1ms | Allocations: 8504)


Started GET "/search?keyword=%E7%B9%94%E7%94%B0%E4%BF%A1%E9%95%B7" for ::1 at 2021-07-09 22:31:21 +0900
Processing by SearchController#search as HTML
  Parameters: {"keyword"=>"ç¹”ç”°ä¿¡é•·"}
  Rendering layout layouts/application.html.erb
  Rendering search/search.html.slim within layouts/application
  Rendered search/search.html.slim within layouts/application (Duration: 0.5ms | Allocations: 183)
  Rendered layout layouts/application.html.erb (Duration: 5.2ms | Allocations: 3061)
Completed 200 OK in 1741ms (Views: 5.8ms | Allocations: 8030)


Started GET "/search?keyword=%E3%83%9E%E3%82%A4%E3%82%B1%E3%83%AB%E3%82%B8%E3%83%A3%E3%82%AF%E3%82%BD%E3%83%B3" for ::1 at 2021-07-09 22:31:49 +0900
Processing by SearchController#search as HTML
  Parameters: {"keyword"=>"ãƒžã‚¤ã‚±ãƒ«ã‚¸ãƒ£ã‚¯ã‚½ãƒ³"}
  Rendering layout layouts/application.html.erb
  Rendering search/search.html.slim within layouts/application
  Rendered search/search.html.slim within layouts/application (Duration: 3.4ms | Allocations: 2366)
  Rendered layout layouts/application.html.erb (Duration: 8.6ms | Allocations: 5473)
Completed 200 OK in 582ms (Views: 11.1ms | Allocations: 8518)


Started GET "/search?keyword=%E7%B9%94%E7%94%B0%E4%BF%A1%E9%95%B7" for ::1 at 2021-07-09 22:31:51 +0900
Processing by SearchController#search as HTML
  Parameters: {"keyword"=>"ç¹”ç”°ä¿¡é•·"}
  Rendering layout layouts/application.html.erb
  Rendering search/search.html.slim within layouts/application
  Rendered search/search.html.slim within layouts/application (Duration: 0.5ms | Allocations: 183)
  Rendered layout layouts/application.html.erb (Duration: 4.9ms | Allocations: 3072)
Completed 200 OK in 1938ms (Views: 5.5ms | Allocations: 8025)


Started GET "/search?keyword=%E6%AD%A6%E7%94%B0%E4%BF%A1%E7%8E%84" for ::1 at 2021-07-09 22:33:36 +0900
Processing by SearchController#search as HTML
  Parameters: {"keyword"=>"æ­¦ç”°ä¿¡çŽ„"}
  Rendering layout layouts/application.html.erb
  Rendering search/search.html.slim within layouts/application
  Rendered search/search.html.slim within layouts/application (Duration: 4.0ms | Allocations: 2380)
  Rendered layout layouts/application.html.erb (Duration: 10.1ms | Allocations: 5502)
Completed 200 OK in 1765ms (Views: 12.7ms | Allocations: 10921)


Started GET "/search?keyword=%E4%B8%8A%E6%9D%89%E8%AC%99%E4%BF%A1" for ::1 at 2021-07-09 22:33:47 +0900
Processing by SearchController#search as HTML
  Parameters: {"keyword"=>"ä¸Šæ‰è¬™ä¿¡"}
  Rendering layout layouts/application.html.erb
  Rendering search/search.html.slim within layouts/application
  Rendered search/search.html.slim within layouts/application (Duration: 0.4ms | Allocations: 169)
  Rendered layout layouts/application.html.erb (Duration: 5.1ms | Allocations: 3047)
Completed 200 OK in 1781ms (Views: 5.7ms | Allocations: 7827)


Started GET "/search?keyword=%E3%82%A8%E3%83%9E%E3%83%BB%E3%83%AF%E3%83%88%E3%82%BD%E3%83%B3" for ::1 at 2021-07-09 22:33:58 +0900
Processing by SearchController#search as HTML
  Parameters: {"keyword"=>"ã‚¨ãƒžãƒ»ãƒ¯ãƒˆã‚½ãƒ³"}
  Rendering layout layouts/application.html.erb
  Rendering search/search.html.slim within layouts/application
  Rendered search/search.html.slim within layouts/application (Duration: 2.6ms | Allocations: 165)
  Rendered layout layouts/application.html.erb (Duration: 9.0ms | Allocations: 3043)
Completed 200 OK in 497ms (Views: 9.6ms | Allocations: 5368)


Started GET "/search?keyword=%E7%B9%94%E7%94%B0%E4%BF%A1%E9%95%B7" for ::1 at 2021-07-09 22:34:35 +0900
Processing by SearchController#search as HTML
  Parameters: {"keyword"=>"ç¹”ç”°ä¿¡é•·"}
  Rendering layout layouts/application.html.erb
  Rendering search/search.html.slim within layouts/application
  Rendered search/search.html.slim within layouts/application (Duration: 2.6ms | Allocations: 2494)
  Rendered layout layouts/application.html.erb (Duration: 7.5ms | Allocations: 5601)
Completed 200 OK in 1779ms (Views: 9.2ms | Allocations: 11238)


